<?xml version="1.0" encoding="UTF-8"?>
<testng-results ignored="0" total="1" passed="1" failed="0" skipped="0">
  <reporter-output>
    <line>
      <![CDATA[launch the browser:chrome]]>
    </line>
    <line>
      <![CDATA[Navigate to url:https://www.lambdatest.com/selenium-playground/]]>
    </line>
    <line>
      <![CDATA[Click on javascriptAlert_link]]>
    </line>
    <line>
      <![CDATA[Click on confirmBox_clickMe_button]]>
    </line>
    <line>
      <![CDATA[Close the browser]]>
    </line>
  </reporter-output>
  <suite started-at="2023-09-21T15:55:43 IST" name="Default suite" finished-at="2023-09-21T15:55:53 IST" duration-ms="9952">
    <groups>
    </groups>
    <test started-at="2023-09-21T15:55:43 IST" name="Default test" finished-at="2023-09-21T15:55:53 IST" duration-ms="9952">
      <class name="testscripts.AlertTest">
        <test-method is-config="true" signature="beforeSuite()[pri:0, instance:testscripts.AlertTest@54d9d12d]" started-at="2023-09-21T15:55:43 IST" name="beforeSuite" finished-at="2023-09-21T15:55:43 IST" duration-ms="287" status="PASS">
          <reporter-output>
          </reporter-output>
        </test-method> <!-- beforeSuite -->
        <test-method is-config="true" signature="beforeMethod(java.lang.reflect.Method)[pri:0, instance:testscripts.AlertTest@54d9d12d]" started-at="2023-09-21T15:55:43 IST" name="beforeMethod" finished-at="2023-09-21T15:55:46 IST" duration-ms="2855" status="PASS">
          <params>
            <param index="0">
              <value>
                <![CDATA[public void testscripts.AlertTest.verifyAlert()]]>
              </value>
            </param>
          </params>
          <reporter-output>
            <line>
              <![CDATA[launch the browser:chrome]]>
            </line>
            <line>
              <![CDATA[Navigate to url:https://www.lambdatest.com/selenium-playground/]]>
            </line>
          </reporter-output>
        </test-method> <!-- beforeMethod -->
        <test-method signature="verifyAlert()[pri:0, instance:testscripts.AlertTest@54d9d12d]" started-at="2023-09-21T15:55:46 IST" name="verifyAlert" finished-at="2023-09-21T15:55:53 IST" duration-ms="6767" status="PASS">
          <reporter-output>
            <line>
              <![CDATA[Click on javascriptAlert_link]]>
            </line>
            <line>
              <![CDATA[Click on confirmBox_clickMe_button]]>
            </line>
          </reporter-output>
        </test-method> <!-- verifyAlert -->
        <test-method is-config="true" signature="afterMethos()[pri:0, instance:testscripts.AlertTest@54d9d12d]" started-at="2023-09-21T15:55:53 IST" name="afterMethos" finished-at="2023-09-21T15:55:53 IST" duration-ms="278" status="PASS">
          <reporter-output>
            <line>
              <![CDATA[Close the browser]]>
            </line>
          </reporter-output>
        </test-method> <!-- afterMethos -->
        <test-method is-config="true" signature="afterSuite()[pri:0, instance:testscripts.AlertTest@54d9d12d]" started-at="2023-09-21T15:55:53 IST" name="afterSuite" finished-at="2023-09-21T15:55:54 IST" duration-ms="484" status="PASS">
          <reporter-output>
          </reporter-output>
        </test-method> <!-- afterSuite -->
      </class> <!-- testscripts.AlertTest -->
    </test> <!-- Default test -->
  </suite> <!-- Default suite -->
</testng-results>
